<?xml version="1.0" encoding="UTF-8"?><testsuite errors="1" failures="0" name="Login" skipped="0" tests="1" time="116.8" timestamp="2023-09-06 09:57:10"><testcase name="Login succeefully to the website Seguimientos"><error message="java.lang.NullPointerException--&gt;null" type="net.sf.cglib.core.CodeGenerationException">java.lang.NullPointerException--&gt;null</error><system-err>java.lang.NullPointerException--&gt;null&#13;
tasks.LoginTaskCorrect.performAs(LoginTaskCorrect.java:23)&#13;
com.co.seguimietos.stepsdefinitions.LoginStepDefiniton.heEnterTheCorrectCredentials(LoginStepDefiniton.java:42)&#13;
cucumber.runner.Runner.runPickle(Runner.java:80)&#13;
worker.org.gradle.process.internal.worker.GradleWorkerMain.run(GradleWorkerMain.java:69)&#13;
worker.org.gradle.process.internal.worker.GradleWorkerMain.main(GradleWorkerMain.java:74)&#13;
</system-err></testcase></testsuite>